<?xml version="1.0" encoding="UTF-8"?>
<testsuite xmlns:xsi="http://www.w3.org/2001/XMLSchema-instance" xsi:noNamespaceSchemaLocation="https://maven.apache.org/surefire/maven-surefire-plugin/xsd/surefire-test-report.xsd" version="3.0.2" name="edu.eci.arsw.blueprints.test.services.ApplicationServicesTests" time="4.408" tests="1" errors="0" skipped="0" failures="0">
  <properties>
[...]
</properties>
  <testcase name="contextLoads" classname="edu.eci.arsw.blueprints.test.services.ApplicationServicesTests" time="1.114">
    <system-out><![CDATA[21:20:40.628 [main] INFO org.springframework.test.context.support.AnnotationConfigContextLoaderUtils -- Could not detect default configuration classes for test class [edu.eci.arsw.blueprints.test.services.ApplicationServicesTests]: ApplicationServicesTests does not declare any static, non-private, non-final, nested classes annotated with @Configuration.
21:20:40.801 [main] INFO org.springframework.boot.test.context.SpringBootTestContextBootstrapper -- Found @SpringBootConfiguration edu.eci.arsw.blueprints.BlueprintsApplication for test class edu.eci.arsw.blueprints.test.services.ApplicationServicesTests

  .   ____          _            __ _ _
 /\\ / ___'_ __ _ _(_)_ __  __ _ \ \ \ \
( ( )\___ | '_ | '_| | '_ \/ _` | \ \ \ \
 \\/  ___)| |_)| | | | | || (_| |  ) ) ) )
  '  |____| .__|_| |_|_| |_\__, | / / / /
 =========|_|==============|___/=/_/_/_/

 :: Spring Boot ::                (v3.4.1)

2025-03-12T21:20:41.355-05:00  INFO 15880 --- [           main] e.e.a.b.t.s.ApplicationServicesTests     : Starting ApplicationServicesTests using Java 23.0.2 with PID 15880 (started by manue in C:\Users\manue\OneDrive\Desktop\Noveno Semestre\ARSW\Laboratorios\Laboratorio #6\LAB06-ARSW-SIERRA-SUAREZ-)
2025-03-12T21:20:41.358-05:00  INFO 15880 --- [           main] e.e.a.b.t.s.ApplicationServicesTests     : No active profile set, falling back to 1 default profile: "default"
2025-03-12T21:20:42.778-05:00  INFO 15880 --- [           main] o.s.b.a.w.s.WelcomePageHandlerMapping    : Adding welcome page: class path resource [static/index.html]
2025-03-12T21:20:43.604-05:00  INFO 15880 --- [           main] e.e.a.b.t.s.ApplicationServicesTests     : Started ApplicationServicesTests in 2.611 seconds (process running for 3.989)
Después de agregar: [Blueprint{author='Sierra', name='Blueprint1'}, Blueprint{author='Prueba', name='Blueprint3'}, Blueprint{author='Manuel', name='Plano1'}, Blueprint{author='Yeka', name='Plano2'}, Blueprint{author='Suarez', name='Blueprint2'}]
Todos los planos: [Blueprint{author='Sierra', name='Blueprint1'}, Blueprint{author='Prueba', name='Blueprint3'}, Blueprint{author='Yeka', name='Plano2'}, Blueprint{author='Suarez', name='Blueprint2'}, Blueprint{author='Manuel', name='Plano1'}]
Planos de Manuel: [Blueprint{author='Manuel', name='Plano1'}]
Plano específico: Blueprint{author='Manuel', name='Plano1'}
]]></system-out>
    <system-err><![CDATA[Mockito is currently self-attaching to enable the inline-mock-maker. This will no longer work in future releases of the JDK. Please add Mockito as an agent to your build what is described in Mockito's documentation: https://javadoc.io/doc/org.mockito/mockito-core/latest/org/mockito/Mockito.html#0.3
WARNING: A Java agent has been loaded dynamically (C:\Users\manue\.m2\repository\net\bytebuddy\byte-buddy-agent\1.15.11\byte-buddy-agent-1.15.11.jar)
WARNING: If a serviceability tool is in use, please run with -XX:+EnableDynamicAgentLoading to hide this warning
WARNING: If a serviceability tool is not in use, please run with -Djdk.instrument.traceUsage for more information
WARNING: Dynamic loading of agents will be disallowed by default in a future release
]]></system-err>
  </testcase>
</testsuite>